<?xml version="1.0" encoding="UTF-8"?>
<robot generator="Robot 6.0.2 (Python 3.11.3 on win32)" generated="20240109 17:34:39.756" rpa="false" schemaversion="3">
<suite id="s1" name="Github-Sanber52-Team15-MobileAutomation" source="D:\Fadli\Kursus QA Engineer Sanbercode\Mobile Automation\Github-Sanber52-Team15-MobileAutomation">
<suite id="s1-s1" name="Sanber52-Team15-MobileAutomationTesting" source="D:\Fadli\Kursus QA Engineer Sanbercode\Mobile Automation\Github-Sanber52-Team15-MobileAutomation\Sanber52-Team15-MobileAutomationTesting">
<suite id="s1-s1-s1" name="Fadhli" source="D:\Fadli\Kursus QA Engineer Sanbercode\Mobile Automation\Github-Sanber52-Team15-MobileAutomation\Sanber52-Team15-MobileAutomationTesting\Fadhli">
<suite id="s1-s1-s1-s1" name="Quiz 4 Fadhli" source="D:\Fadli\Kursus QA Engineer Sanbercode\Mobile Automation\Github-Sanber52-Team15-MobileAutomation\Sanber52-Team15-MobileAutomationTesting\Fadhli\Quiz 4 Fadhli">
<suite id="s1-s1-s1-s1-s1" name="Login" source="D:\Fadli\Kursus QA Engineer Sanbercode\Mobile Automation\Github-Sanber52-Team15-MobileAutomation\Sanber52-Team15-MobileAutomationTesting\Fadhli\Quiz 4 Fadhli\Login.robot">
<test id="s1-s1-s1-s1-s1-t1" name="Login" line="61">
<kw name="Verify Login page">
<kw name="Click Text" library="AppiumLibrary">
<arg>${bttn_sign in}</arg>
<doc>Click text identified by ``text``.</doc>
<kw name="Capture Page Screenshot" library="AppiumLibrary">
<doc>Takes a screenshot of the current page and embeds it into the log.</doc>
<msg timestamp="20240109 17:34:40.024" level="FAIL">No application is open</msg>
<status status="FAIL" starttime="20240109 17:34:40.024" endtime="20240109 17:34:40.024"/>
</kw>
<msg timestamp="20240109 17:34:40.024" level="WARN">Keyword 'Capture Page Screenshot' could not be run on failure: No application is open</msg>
<msg timestamp="20240109 17:34:40.036" level="FAIL">No application is open</msg>
<status status="FAIL" starttime="20240109 17:34:40.023" endtime="20240109 17:34:40.037"/>
</kw>
<kw name="Wait Until Element Is Visible" library="AppiumLibrary">
<arg>${field_Username}</arg>
<doc>Waits until element specified with `locator` is visible.</doc>
<status status="NOT RUN" starttime="20240109 17:34:40.039" endtime="20240109 17:34:40.039"/>
</kw>
<kw name="Wait Until Element Is Visible" library="AppiumLibrary">
<arg>${field_Password}</arg>
<doc>Waits until element specified with `locator` is visible.</doc>
<status status="NOT RUN" starttime="20240109 17:34:40.039" endtime="20240109 17:34:40.040"/>
</kw>
<kw name="Wait Until Element Is Visible" library="AppiumLibrary">
<arg>${bttn_sign in}</arg>
<doc>Waits until element specified with `locator` is visible.</doc>
<status status="NOT RUN" starttime="20240109 17:34:40.040" endtime="20240109 17:34:40.041"/>
</kw>
<status status="FAIL" starttime="20240109 17:34:40.022" endtime="20240109 17:34:40.042"/>
</kw>
<kw name="Input User Email On Login Page">
<status status="NOT RUN" starttime="20240109 17:34:40.043" endtime="20240109 17:34:40.043"/>
</kw>
<kw name="Input User Password On Login Page">
<status status="NOT RUN" starttime="20240109 17:34:40.043" endtime="20240109 17:34:40.043"/>
</kw>
<kw name="Click Sign In Button On Login Page">
<status status="NOT RUN" starttime="20240109 17:34:40.043" endtime="20240109 17:34:40.043"/>
</kw>
<kw name="Login With Valid Credentials">
<status status="NOT RUN" starttime="20240109 17:34:40.043" endtime="20240109 17:34:40.043"/>
</kw>
<status status="FAIL" starttime="20240109 17:34:40.005" endtime="20240109 17:34:40.043">No application is open</status>
</test>
<status status="FAIL" starttime="20240109 17:34:39.792" endtime="20240109 17:34:40.043"/>
</suite>
<status status="FAIL" starttime="20240109 17:34:39.788" endtime="20240109 17:34:40.043"/>
</suite>
<status status="FAIL" starttime="20240109 17:34:39.785" endtime="20240109 17:34:40.051"/>
</suite>
<status status="FAIL" starttime="20240109 17:34:39.782" endtime="20240109 17:34:40.051"/>
</suite>
<status status="FAIL" starttime="20240109 17:34:39.761" endtime="20240109 17:34:40.051"/>
</suite>
<statistics>
<total>
<stat pass="0" fail="1" skip="0">All Tests</stat>
</total>
<tag>
</tag>
<suite>
<stat pass="0" fail="1" skip="0" id="s1" name="Github-Sanber52-Team15-MobileAutomation">Github-Sanber52-Team15-MobileAutomation</stat>
<stat pass="0" fail="1" skip="0" id="s1-s1" name="Sanber52-Team15-MobileAutomationTesting">Github-Sanber52-Team15-MobileAutomation.Sanber52-Team15-MobileAutomationTesting</stat>
<stat pass="0" fail="1" skip="0" id="s1-s1-s1" name="Fadhli">Github-Sanber52-Team15-MobileAutomation.Sanber52-Team15-MobileAutomationTesting.Fadhli</stat>
<stat pass="0" fail="1" skip="0" id="s1-s1-s1-s1" name="Quiz 4 Fadhli">Github-Sanber52-Team15-MobileAutomation.Sanber52-Team15-MobileAutomationTesting.Fadhli.Quiz 4 Fadhli</stat>
<stat pass="0" fail="1" skip="0" id="s1-s1-s1-s1-s1" name="Login">Github-Sanber52-Team15-MobileAutomation.Sanber52-Team15-MobileAutomationTesting.Fadhli.Quiz 4 Fadhli.Login</stat>
</suite>
</statistics>
<errors>
<msg timestamp="20240109 17:34:40.024" level="WARN">Keyword 'Capture Page Screenshot' could not be run on failure: No application is open</msg>
</errors>
</robot>
